  wish_function.cpp
E:\软件&网站制作\游戏\源代码\原神抽卡模拟器\wish_function.cpp(8,2): warning C4091: “extern ”: 没有声明变量时忽略“User”的左侧
E:\软件&网站制作\游戏\源代码\原神抽卡模拟器\wish_function.cpp(800,24): warning C4101: “choose”: 未引用的局部变量
E:\软件&网站制作\游戏\源代码\原神抽卡模拟器\wish_function.cpp(1016,33): warning C4996: 'localtime': This function or variable may be unsafe. Consider using localtime_s instead. To disable deprecation, use _CRT_SECURE_NO_WARNINGS. See online help for details.
E:\软件&网站制作\游戏\源代码\原神抽卡模拟器\wish_function.cpp(1017,33): warning C4996: 'localtime': This function or variable may be unsafe. Consider using localtime_s instead. To disable deprecation, use _CRT_SECURE_NO_WARNINGS. See online help for details.
E:\软件&网站制作\游戏\源代码\原神抽卡模拟器\wish_function.cpp(1018,40): warning C4996: 'localtime': This function or variable may be unsafe. Consider using localtime_s instead. To disable deprecation, use _CRT_SECURE_NO_WARNINGS. See online help for details.
E:\软件&网站制作\游戏\源代码\原神抽卡模拟器\wish_function.cpp(1019,40): warning C4996: 'localtime': This function or variable may be unsafe. Consider using localtime_s instead. To disable deprecation, use _CRT_SECURE_NO_WARNINGS. See online help for details.
E:\软件&网站制作\游戏\源代码\原神抽卡模拟器\wish_function.cpp(1098,33): warning C4996: 'localtime': This function or variable may be unsafe. Consider using localtime_s instead. To disable deprecation, use _CRT_SECURE_NO_WARNINGS. See online help for details.
E:\软件&网站制作\游戏\源代码\原神抽卡模拟器\wish_function.cpp(1099,33): warning C4996: 'localtime': This function or variable may be unsafe. Consider using localtime_s instead. To disable deprecation, use _CRT_SECURE_NO_WARNINGS. See online help for details.
E:\软件&网站制作\游戏\源代码\原神抽卡模拟器\wish_function.cpp(1100,40): warning C4996: 'localtime': This function or variable may be unsafe. Consider using localtime_s instead. To disable deprecation, use _CRT_SECURE_NO_WARNINGS. See online help for details.
E:\软件&网站制作\游戏\源代码\原神抽卡模拟器\wish_function.cpp(1101,40): warning C4996: 'localtime': This function or variable may be unsafe. Consider using localtime_s instead. To disable deprecation, use _CRT_SECURE_NO_WARNINGS. See online help for details.
  原神抽卡模拟器.vcxproj -> E:\软件&网站制作\游戏\源代码\原神抽卡模拟器\x64\Debug\原神抽卡模拟器.exe

项目性能摘要:
     1343 毫秒 E:\软件&网站制作\游戏\源代码\原神抽卡模拟器\原神抽卡模拟器.vcxproj   1 次调用
               1343 毫秒 Build                                      1 次调用

目标性能摘要:
        0 毫秒 AfterBuildCompileEvent                     1 次调用
        0 毫秒 _ALink                                     1 次调用
        0 毫秒 _Link                                      1 次调用
        0 毫秒 AfterLink                                  1 次调用
        0 毫秒 ComputeLinkImportLibraryOutputsForClean    1 次调用
        0 毫秒 ComputeLinkSwitches                        1 次调用
        0 毫秒 PreLinkEvent                               1 次调用
        0 毫秒 DoLinkOutputFilesMatch                     1 次调用
        0 毫秒 PrepareResourceNames                       1 次调用
        0 毫秒 CreateCustomManifestResourceNames          1 次调用
        0 毫秒 SplitResourcesByCulture                    1 次调用
        0 毫秒 ComputeManifestInputsTargets               1 次调用
        0 毫秒 _Manifest                                  1 次调用
        0 毫秒 ComputeLinkInputsFromProject               1 次调用
        0 毫秒 ComputeCLOutputs                           1 次调用
        0 毫秒 ComputeManifestGeneratedLinkerInputs       1 次调用
        0 毫秒 ComputeRCGeneratedLinkInputs               1 次调用
        0 毫秒 ComputeRCOutputs                           1 次调用
        0 毫秒 BeforeLink                                 1 次调用
        0 毫秒 ComputeLegacyManifestEmbedding             1 次调用
        0 毫秒 BuildLinkTraverse                          1 次调用
        0 毫秒 BuildCompile                               1 次调用
        0 毫秒 FinalizeBuildStatus                        1 次调用
        0 毫秒 _ResourceCompile                           1 次调用
        0 毫秒 AfterResourceCompile                       1 次调用
        0 毫秒 ComputeCLGeneratedLinkInputs               1 次调用
        0 毫秒 MakeDirsForResourceCompile                 1 次调用
        0 毫秒 RegisterOutput                             1 次调用
        0 毫秒 ComputeCLCompileGeneratedXDCFiles          1 次调用
        0 毫秒 AfterBuild                                 1 次调用
        0 毫秒 BuildLink                                  1 次调用
        0 毫秒 _BuildLinkAction                           1 次调用
        0 毫秒 PrepareForRun                              1 次调用
        0 毫秒 CopyFilesToOutputDirectory                 1 次调用
        0 毫秒 _CheckForCompileOutputs                    1 次调用
        0 毫秒 _CopySourceItemsToOutputDirectory          1 次调用
        0 毫秒 _GetCopyToOutputDirectoryItemsFromThisProject   1 次调用
        0 毫秒 _GetCopyToOutputDirectoryItemsFromTransitiveProjectReferences   1 次调用
        0 毫秒 GetCopyToOutputDirectoryXamlAppDefs        1 次调用
        0 毫秒 _PopulateCommonStateForGetCopyToOutputDirectoryItems   1 次调用
        0 毫秒 ResolvedXDCMake                            1 次调用
        0 毫秒 _Deploy                                    1 次调用
        0 毫秒 CreateSatelliteAssemblies                  1 次调用
        0 毫秒 _GenerateSatelliteAssemblyInputs           1 次调用
        0 毫秒 ContentFilesProjectOutputGroup             1 次调用
        0 毫秒 MakeDirsForFxc                             1 次调用
        0 毫秒 SatelliteDllsProjectOutputGroup            1 次调用
        0 毫秒 BuiltProjectOutputGroup                    1 次调用
        0 毫秒 _BscMake                                   1 次调用
        0 毫秒 MakeDirsForBscMake                         1 次调用
        0 毫秒 ComputeCLCompileGeneratedSbrFiles          1 次调用
        0 毫秒 _XdcMake                                   1 次调用
        0 毫秒 MakeDirsForXdcMake                         1 次调用
        0 毫秒 _Appverifier                               1 次调用
        0 毫秒 BeforeResourceCompile                      1 次调用
        0 毫秒 Build                                      1 次调用
        0 毫秒 AfterClCompile                             1 次调用
        0 毫秒 SelectCustomBuild                          1 次调用
        0 毫秒 _SelectedFiles                             1 次调用
        0 毫秒 PreBuildEvent                              1 次调用
        0 毫秒 _ClCompile                                 1 次调用
        0 毫秒 BuildGenerateSourcesTraverse               1 次调用
        0 毫秒 ResolveReferences                          1 次调用
        0 毫秒 AfterResolveReferences                     1 次调用
        0 毫秒 ExpandSDKReferences                        1 次调用
        0 毫秒 ResolveSDKReferences                       1 次调用
        0 毫秒 ComputeCustomBuildOutput                   1 次调用
        0 毫秒 SetCABuildNativeEnvironmentVariables       1 次调用
        0 毫秒 SetBuildDefaultEnvironmentVariables        1 次调用
        0 毫秒 AddExternalIncludDirectoriesToPaths        1 次调用
        0 毫秒 GetFrameworkPaths                          1 次调用
        0 毫秒 ResolveProjectReferences                   1 次调用
        0 毫秒 PrepareProjectReferences                   1 次调用
        0 毫秒 _AddOutputPathToGlobalPropertiesToRemove   1 次调用
        0 毫秒 _SplitProjectReferencesByFileExistence     1 次调用
        0 毫秒 BeforeResolveReferences                    1 次调用
        0 毫秒 _PrepareForBuild                           1 次调用
        0 毫秒 GetResolvedWinMD                           1 次调用
        0 毫秒 CopyFileToFolders                          1 次调用
        0 毫秒 BeforeBuildGenerateSources                 1 次调用
        0 毫秒 ComputeCLInputPDBName                      1 次调用
        0 毫秒 SelectClCompile                            1 次调用
        0 毫秒 MakeDirsForCl                              1 次调用
        0 毫秒 WarnCompileDuplicatedFilename              1 次调用
        0 毫秒 GetReferencedVCProjectsInfo                1 次调用
        0 毫秒 FindReferenceAssembliesForReferences       1 次调用
        0 毫秒 _Xsd                                       1 次调用
        0 毫秒 BuildCompileTraverse                       1 次调用
        0 毫秒 BuildGenerateSources                       1 次调用
        0 毫秒 _BuildGenerateSourcesAction                1 次调用
        0 毫秒 BeforeClCompile                            1 次调用
        0 毫秒 MakeDirsForMidl                            1 次调用
        0 毫秒 AfterBuildGenerateSources                  1 次调用
        0 毫秒 ComputeMIDLGeneratedCompileInputs          1 次调用
        0 毫秒 _Midl                                      1 次调用
        0 毫秒 AfterMidl                                  1 次调用
        0 毫秒 AfterBuildGenerateSourcesEvent             1 次调用
        1 毫秒 FixupCLCompileOptions                      1 次调用
        1 毫秒 ComputeReferenceCLInput                    1 次调用
        1 毫秒 _BuildCompileAction                        1 次调用
        1 毫秒 ResolveAssemblyReferences                  1 次调用
        1 毫秒 GetReferenceAssemblyPaths                  1 次调用
        1 毫秒 _PrepareForReferenceResolution             1 次调用
        1 毫秒 AssignProjectConfiguration                 1 次调用
        1 毫秒 _CleanGetCurrentAndPriorFileWrites         1 次调用
        1 毫秒 IncrementalClean                           1 次调用
        1 毫秒 PostBuildEvent                             1 次调用
        1 毫秒 MakeDirsForLink                            1 次调用
        1 毫秒 AssignTargetPaths                          1 次调用
        1 毫秒 _CheckWindowsSDKInstalled                  1 次调用
        2 毫秒 GetCopyToOutputDirectoryItems              1 次调用
        2 毫秒 InitializeBuildStatus                      1 次调用
        5 毫秒 SetTelemetryEnvironmentVariables           1 次调用
        9 毫秒 CustomBuild                                1 次调用
        9 毫秒 _CheckForInvalidConfigurationAndPlatform   1 次调用
       13 毫秒 PrepareForBuild                            1 次调用
       17 毫秒 CreateRecipeFile                           1 次调用
       39 毫秒 _GetProjectReferenceTargetFrameworkProperties   1 次调用
      196 毫秒 Link                                       1 次调用
     1018 毫秒 ClCompile                                  1 次调用

任务性能摘要:
        0 毫秒 Delete                                     2 次调用
        0 毫秒 SetRidAgnosticValueForProjects             1 次调用
        0 毫秒 ConvertToAbsolutePath                      1 次调用
        0 毫秒 Touch                                      2 次调用
        0 毫秒 RemoveDuplicates                           2 次调用
        0 毫秒 AssignCulture                              1 次调用
        0 毫秒 AssignTargetPath                           7 次调用
        1 毫秒 ReadLinesFromFile                          2 次调用
        1 毫秒 WriteLinesToFile                           1 次调用
        1 毫秒 CheckVCToolsetVersion                      1 次调用
        1 毫秒 SetEnv                                     9 次调用
        1 毫秒 AssignProjectConfiguration                 1 次调用
        1 毫秒 FindUnderPath                              5 次调用
        1 毫秒 Message                                    3 次调用
        1 毫秒 MSBuild                                    1 次调用
        2 毫秒 CallTarget                                 2 次调用
        2 毫秒 MakeDir                                   10 次调用
        9 毫秒 GetOutOfDateItems                          3 次调用
       17 毫秒 GenerateDesktopDeployRecipe                1 次调用
      195 毫秒 Link                                       1 次调用
     1017 毫秒 CL                                         1 次调用
